<?xml version="1.0" encoding="UTF-8"?>
<!-- Generated by org.testng.reporters.JUnitReportReporter -->
<testsuite hostname="DESKTOP-H4443VU" failures="0" tests="7" name="Test_classes.Google_Map" time="9.261" errors="0" timestamp="2022-07-23T16:16:12 GMT-11:00" skipped="0">
  <testcase classname="Test_classes.Google_Map" name="searchLocation" time="6.586"/>
  <system-out/>
  <testcase classname="Test_classes.Google_Map" name="verifyText" time="1.790"/>
  <system-out/>
  <testcase classname="Test_classes.Google_Map" name="VerifyTitle" time="0.045"/>
  <system-out/>
  <testcase classname="Test_classes.Google_Map" name="PrintReview_And_Ratings" time="0.301"/>
  <system-out>
    <![CDATA[4.5
33,010 reviews]]>
  </system-out>
  <testcase classname="Test_classes.Google_Map" name="VerifyLinkPresense" time="0.083"/>
  <system-out/>
  <testcase classname="Test_classes.Google_Map" name="printAddress" time="0.049"/>
  <system-out>
    <![CDATA[WRQG+G8R, Vinoo Mankad Rd, Churchgate, Mumbai, Maharashtra 400020]]>
  </system-out>
  <testcase classname="Test_classes.Google_Map" name="VerifyPhoneNumber" time="0.407"/>
  <system-out/>
</testsuite> <!-- Test_classes.Google_Map -->
